<?xml version="1.0" encoding="UTF-8"?>
<!-- Generated by org.testng.reporters.JUnitXMLReporter -->
<testsuite ignored="0" hostname="Ajinkya" failures="0" tests="2" name="Default test" time="0.188" errors="0" timestamp="2024-10-13T16:07:52 IST">
  <testcase classname="testClasses.TestAddToCartFunctionality" name="@BeforeTest launchBrowser" time="-1.728815872364E9">
    <failure type="org.testng.TestNGException" message="
Parameter &amp;apos;browser&amp;apos; is required by BeforeTest on method launchBrowser but has not been marked @Optional or defined
in C:\Users\useer1\AppData\Local\Temp\testng-eclipse--1790405848\testng-customsuite.xml">
      <![CDATA[org.testng.TestNGException: 
Parameter 'browser' is required by BeforeTest on method launchBrowser but has not been marked @Optional or defined
in C:\Users\useer1\AppData\Local\Temp\testng-eclipse--1790405848\testng-customsuite.xml
at org.testng.internal.Parameters.createParams(Parameters.java:264)
at org.testng.internal.Parameters.createParametersForMethod(Parameters.java:352)
at org.testng.internal.Parameters.createParameters(Parameters.java:690)
at org.testng.internal.Parameters.createConfigurationParameters(Parameters.java:163)
at org.testng.internal.invokers.ConfigInvoker.invokeConfigurations(ConfigInvoker.java:313)
at org.testng.TestRunner.invokeTestConfigurations(TestRunner.java:655)
at org.testng.TestRunner.beforeRun(TestRunner.java:644)
at org.testng.TestRunner.run(TestRunner.java:610)
at org.testng.SuiteRunner.runTest(SuiteRunner.java:421)
at org.testng.SuiteRunner.runSequentially(SuiteRunner.java:413)
at org.testng.SuiteRunner.privateRun(SuiteRunner.java:373)
at org.testng.SuiteRunner.run(SuiteRunner.java:312)
at org.testng.SuiteRunnerWorker.runSuite(SuiteRunnerWorker.java:52)
at org.testng.SuiteRunnerWorker.run(SuiteRunnerWorker.java:95)
at org.testng.TestNG.runSuitesSequentially(TestNG.java:1274)
at org.testng.TestNG.runSuitesLocally(TestNG.java:1208)
at org.testng.TestNG.runSuites(TestNG.java:1112)
at org.testng.TestNG.run(TestNG.java:1079)
at org.testng.remote.AbstractRemoteTestNG.run(AbstractRemoteTestNG.java:115)
at org.testng.remote.RemoteTestNG.initAndRun(RemoteTestNG.java:293)
at org.testng.remote.RemoteTestNG.main(RemoteTestNG.java:91)
]]>
    </failure>
  </testcase> <!-- @BeforeTest launchBrowser -->
  <testcase classname="testClasses.TestAddToCartFunctionality" name="@BeforeClass initializePOM" time="0.0">
    <skipped/>
  </testcase> <!-- @BeforeClass initializePOM -->
  <testcase classname="testClasses.TestAddToCartFunctionality" name="@BeforeMethod loginToAmazon" time="0.0">
    <skipped/>
  </testcase> <!-- @BeforeMethod loginToAmazon -->
  <testcase classname="testClasses.TestAddToCartFunctionality" name="@AfterMethod signOutApplication" time="0.0">
    <skipped/>
  </testcase> <!-- @AfterMethod signOutApplication -->
  <testcase classname="testClasses.TestAddToCartFunctionality" name="@BeforeMethod loginToAmazon" time="0.0">
    <skipped/>
  </testcase> <!-- @BeforeMethod loginToAmazon -->
  <testcase classname="testClasses.TestAddToCartFunctionality" name="@AfterMethod signOutApplication" time="0.0">
    <skipped/>
  </testcase> <!-- @AfterMethod signOutApplication -->
  <testcase classname="testClasses.TestAddToCartFunctionality" name="@AfterClass removePOM" time="0.0">
    <skipped/>
  </testcase> <!-- @AfterClass removePOM -->
  <testcase classname="testClasses.TestAddToCartFunctionality" name="@AfterTest closedBrowser" time="0.0">
    <skipped/>
  </testcase> <!-- @AfterTest closedBrowser -->
  <testcase classname="testClasses.TestAddToCartFunctionality" name="verifyAddToCart" time="0.001">
    <skipped/>
  </testcase> <!-- verifyAddToCart -->
  <testcase classname="testClasses.TestAddToCartFunctionality" name="verifyAddToCartMobile" time="0.0">
    <skipped/>
  </testcase> <!-- verifyAddToCartMobile -->
</testsuite> <!-- Default test -->
