<?xml version="1.0" encoding="UTF-8"?>
<!-- Generated by org.testng.reporters.JUnitXMLReporter -->
<testsuite ignored="0" hostname="Ajinkya" failures="0" tests="2" name="AmazonTest" time="34.804" errors="0" timestamp="2024-10-10T13:42:59 IST">
  <testcase classname="testClasses.TestAddToCartFunctionality" name="@BeforeMethod loginToAmazon" time="10.014">
    <failure type="org.openqa.selenium.interactions.MoveTargetOutOfBoundsException" message="Origin element is not displayed
Build info: version: &amp;apos;4.20.0&amp;apos;, revision: &amp;apos;866c76ca80&amp;apos;
System info: os.name: &amp;apos;Windows 8.1&amp;apos;, os.arch: &amp;apos;amd64&amp;apos;, os.version: &amp;apos;6.3&amp;apos;, java.version: &amp;apos;17.0.11&amp;apos;
Driver info: org.openqa.selenium.firefox.FirefoxDriver
Command: [3f1f02aa-fe76-4d61-a1a5-c0b0a5bf31e2, actions {actions=[org.openqa.selenium.interactions.Sequence@1c25b8a7]}]
Capabilities {acceptInsecureCerts: true, browserName: firefox, browserVersion: 106.0.2, moz:accessibilityChecks: false, moz:buildID: 20221025065831, moz:debuggerAddress: 127.0.0.1:34702, moz:geckodriverVersion: 0.33.0, moz:headless: false, moz:platformVersion: 6.3, moz:processID: 9128, moz:profile: C:\Users\useer1\AppData\Loc..., moz:shutdownTimeout: 60000, moz:useNonSpecCompliantPointerOrigin: false, moz:webdriverClick: true, moz:windowless: false, pageLoadStrategy: normal, platformName: windows, proxy: Proxy(), se:cdp: ws://127.0.0.1:34702/devtoo..., se:cdpVersion: 85.0, setWindowRect: true, strictFileInteractability: false, timeouts: {implicit: 0, pageLoad: 300000, script: 30000}, unhandledPromptBehavior: dismiss and notify}
Session ID: 3f1f02aa-fe76-4d61-a1a5-c0b0a5bf31e2">
      <![CDATA[org.openqa.selenium.interactions.MoveTargetOutOfBoundsException: Origin element is not displayed
Build info: version: '4.20.0', revision: '866c76ca80'
System info: os.name: 'Windows 8.1', os.arch: 'amd64', os.version: '6.3', java.version: '17.0.11'
Driver info: org.openqa.selenium.firefox.FirefoxDriver
Command: [3f1f02aa-fe76-4d61-a1a5-c0b0a5bf31e2, actions {actions=[org.openqa.selenium.interactions.Sequence@1c25b8a7]}]
Capabilities {acceptInsecureCerts: true, browserName: firefox, browserVersion: 106.0.2, moz:accessibilityChecks: false, moz:buildID: 20221025065831, moz:debuggerAddress: 127.0.0.1:34702, moz:geckodriverVersion: 0.33.0, moz:headless: false, moz:platformVersion: 6.3, moz:processID: 9128, moz:profile: C:\Users\useer1\AppData\Loc..., moz:shutdownTimeout: 60000, moz:useNonSpecCompliantPointerOrigin: false, moz:webdriverClick: true, moz:windowless: false, pageLoadStrategy: normal, platformName: windows, proxy: Proxy(), se:cdp: ws://127.0.0.1:34702/devtoo..., se:cdpVersion: 85.0, setWindowRect: true, strictFileInteractability: false, timeouts: {implicit: 0, pageLoad: 300000, script: 30000}, unhandledPromptBehavior: dismiss and notify}
Session ID: 3f1f02aa-fe76-4d61-a1a5-c0b0a5bf31e2
at org.openqa.selenium.remote.ErrorCodec.decode(ErrorCodec.java:167)
at org.openqa.selenium.remote.codec.w3c.W3CHttpResponseCodec.decode(W3CHttpResponseCodec.java:138)
at org.openqa.selenium.remote.codec.w3c.W3CHttpResponseCodec.decode(W3CHttpResponseCodec.java:50)
at org.openqa.selenium.remote.HttpCommandExecutor.execute(HttpCommandExecutor.java:190)
at org.openqa.selenium.remote.service.DriverCommandExecutor.invokeExecute(DriverCommandExecutor.java:216)
at org.openqa.selenium.remote.service.DriverCommandExecutor.execute(DriverCommandExecutor.java:174)
at org.openqa.selenium.remote.RemoteWebDriver.execute(RemoteWebDriver.java:518)
at org.openqa.selenium.remote.RemoteWebDriver.perform(RemoteWebDriver.java:604)
at org.openqa.selenium.interactions.Actions$BuiltAction.perform(Actions.java:603)
at amazonPom_pages.HomePage.clickOnSignInButton(HomePage.java:57)
at testClasses.TestAddToCartFunctionality.loginToAmazon(TestAddToCartFunctionality.java:81)
at java.base/java.util.ArrayList.forEach(ArrayList.java:1511)
... Removed 36 stack frames]]>
    </failure>
  </testcase> <!-- @BeforeMethod loginToAmazon -->
  <testcase classname="testClasses.TestAddToCartFunctionality" name="@AfterMethod signOutApplication" time="0.0">
    <skipped/>
  </testcase> <!-- @AfterMethod signOutApplication -->
  <testcase classname="testClasses.TestAddToCartFunctionality" name="@BeforeMethod loginToAmazon" time="0.0">
    <skipped/>
  </testcase> <!-- @BeforeMethod loginToAmazon -->
  <testcase classname="testClasses.TestAddToCartFunctionality" name="@AfterMethod signOutApplication" time="0.0">
    <skipped/>
  </testcase> <!-- @AfterMethod signOutApplication -->
  <testcase classname="testClasses.TestAddToCartFunctionality" name="@AfterClass closeBrowser" time="0.0">
    <skipped/>
  </testcase> <!-- @AfterClass closeBrowser -->
  <testcase classname="testClasses.TestAddToCartFunctionality" name="verifyAddToCart" time="0.0">
    <skipped/>
  </testcase> <!-- verifyAddToCart -->
  <testcase classname="testClasses.TestAddToCartFunctionality" name="verifyAddToCartMobile" time="0.0">
    <skipped/>
  </testcase> <!-- verifyAddToCartMobile -->
</testsuite> <!-- AmazonTest -->
