<?xml version="1.0" encoding="UTF-8"?>
<!-- Generated by org.testng.reporters.JUnitXMLReporter -->
<testsuite ignored="1" hostname="Ajinkya" failures="0" tests="1" name="NormalTest" time="31.477" errors="0" timestamp="2024-10-14T19:04:31 IST">
  <testcase classname="testClasses.TestAddToCartFunctionality" name="@BeforeMethod loginToAmazon" time="23.07">
    <failure type="java.io.FileNotFoundException" message="C:\Users\useer1\eclipse-workspace\ProjectExcelData.xlsx (The system cannot find the file specified)">
      <![CDATA[java.io.FileNotFoundException: C:\Users\useer1\eclipse-workspace\ProjectExcelData.xlsx (The system cannot find the file specified)
at java.base/java.io.FileInputStream.open0(Native Method)
at java.base/java.io.FileInputStream.open(FileInputStream.java:216)
at java.base/java.io.FileInputStream.<init>(FileInputStream.java:157)
at java.base/java.io.FileInputStream.<init>(FileInputStream.java:111)
at utils.Utility.fetchDataFromExcelSheet(Utility.java:14)
at testClasses.TestAddToCartFunctionality.loginToAmazon(TestAddToCartFunctionality.java:76)
at java.base/java.util.concurrent.Executors$RunnableAdapter.call(Executors.java:539)
at java.base/java.util.concurrent.FutureTask.run(FutureTask.java:264)
at java.base/java.util.concurrent.ThreadPoolExecutor.runWorker(ThreadPoolExecutor.java:1136)
at java.base/java.util.concurrent.ThreadPoolExecutor$Worker.run(ThreadPoolExecutor.java:635)
at java.base/java.lang.Thread.run(Thread.java:840)
... Removed 17 stack frames]]>
    </failure>
  </testcase> <!-- @BeforeMethod loginToAmazon -->
  <testcase classname="testClasses.TestAddToCartFunctionality" name="@AfterMethod signOutApplication" time="0.0">
    <skipped/>
  </testcase> <!-- @AfterMethod signOutApplication -->
  <testcase classname="testClasses.TestAddToCartFunctionality" name="@AfterClass removePOM" time="0.0">
    <skipped/>
  </testcase> <!-- @AfterClass removePOM -->
  <testcase classname="testClasses.TestAddToCartFunctionality" name="@AfterTest closedBrowser" time="0.0">
    <skipped/>
  </testcase> <!-- @AfterTest closedBrowser -->
  <testcase classname="testClasses.TestAddToCartFunctionality" name="verifyAddToCart" time="0.001">
    <skipped/>
  </testcase> <!-- verifyAddToCart -->
  <testcase classname="testClasses.TestAddToCartFunctionality" name="verifyAddToCartMobile" time="0.0">
    <ignored/>
  </testcase> <!-- verifyAddToCartMobile -->
</testsuite> <!-- NormalTest -->
